=== START import 2016-02-27 18:41:10 ===
Содержимое WordPress удалено
[COUNT-TOTAL]56 elements to import
[COUNT]9 categories processed
9 категорий перенесено
[COUNT]10 posts processed
[ERROR] Can't copy http://canadagis.hotweb.com.ua/eng/images/flags/Flag_Ontario%20_17150931_l.jpg to /home/jgjghjgh/hotweb.com.ua/canada-gis/eng/wp-content/uploads/2014/08/Flag_Ontario _17150931_l.jpg : Not Found
[ERROR] Can't copy http://canadagis.hotweb.com.ua/eng/images/flags/Flag_British_Columbia17151596_l.jpg to /home/jgjghjgh/hotweb.com.ua/canada-gis/eng/wp-content/uploads/2014/08/Flag_British_Columbia17151596_l.jpg : Not Found
[COUNT]10 posts processed
[ERROR] Can't copy http://canadagis.hotweb.com.ua/eng/images/flags/Flag_Quebec_17151152_l.jpg to /home/jgjghjgh/hotweb.com.ua/canada-gis/eng/wp-content/uploads/2014/08/Flag_Quebec_17151152_l.jpg : Not Found
[ERROR] Can't copy http://canadagis.hotweb.com.ua/eng/images/flags/Flag_Manitoba_17151017_l.jpg to /home/jgjghjgh/hotweb.com.ua/canada-gis/eng/wp-content/uploads/2014/08/Flag_Manitoba_17151017_l.jpg : Not Found
[ERROR] Can't copy http://canadagis.hotweb.com.ua/eng/images/flags/Flag_Alberta_17151173_l.jpg to /home/jgjghjgh/hotweb.com.ua/canada-gis/eng/wp-content/uploads/2014/08/Flag_Alberta_17151173_l.jpg : Not Found
[ERROR] Can't copy http://canadagis.hotweb.com.ua/eng/images/flags/Flag_Saskatchewan_17151156_l.jpg to /home/jgjghjgh/hotweb.com.ua/canada-gis/eng/wp-content/uploads/2014/08/Flag_Saskatchewan_17151156_l.jpg : Not Found
[ERROR] Can't copy http://canadagis.hotweb.com.ua/eng/images/flags/Flag_Prince_Edward_Island_Flag26581298_l.jpg to /home/jgjghjgh/hotweb.com.ua/canada-gis/eng/wp-content/uploads/2014/08/Flag_Prince_Edward_Island_Flag26581298_l.jpg : Not Found
[ERROR] Can't copy http://canadagis.hotweb.com.ua/eng/images/flags/Flag_Nova_Scotia_17151153_l.jpg to /home/jgjghjgh/hotweb.com.ua/canada-gis/eng/wp-content/uploads/2014/08/Flag_Nova_Scotia_17151153_l.jpg : Not Found
[ERROR] Can't copy http://canadagis.hotweb.com.ua/eng/images/flags/Flag_New_Brunswick_17150989_l.jpg to /home/jgjghjgh/hotweb.com.ua/canada-gis/eng/wp-content/uploads/2014/08/Flag_New_Brunswick_17150989_l.jpg : Not Found
[ERROR] Can't copy http://canadagis.hotweb.com.ua/eng/images/flags/Flag_Newfoundland_and_Labrador_17151155_l.jpg to /home/jgjghjgh/hotweb.com.ua/canada-gis/eng/wp-content/uploads/2014/08/Flag_Newfoundland_and_Labrador_17151155_l.jpg : Not Found
[ERROR] Can't copy http://canadagis.hotweb.com.ua/eng/images/flags/Flag_Northwest_territories_17151040_l.jpg to /home/jgjghjgh/hotweb.com.ua/canada-gis/eng/wp-content/uploads/2014/08/Flag_Northwest_territories_17151040_l.jpg : Not Found
[ERROR] Can't copy http://canadagis.hotweb.com.ua/eng/images/flags/Flag_Nunavut_territory_17151039_l.jpg to /home/jgjghjgh/hotweb.com.ua/canada-gis/eng/wp-content/uploads/2014/08/Flag_Nunavut_territory_17151039_l.jpg : Not Found
[COUNT]10 posts processed
[ERROR] Can't copy http://canadagis.hotweb.com.ua/eng/images/flags/Flag_Yukon_territory_17151595_l.jpg to /home/jgjghjgh/hotweb.com.ua/canada-gis/eng/wp-content/uploads/2014/08/Flag_Yukon_territory_17151595_l.jpg : Not Found
[COUNT]10 posts processed
[COUNT]6 posts processed
[COUNT]0 posts processed
46 материалов перенесено
134 медиафайлов перенесено
[COUNT]2 categories processed
2 ссылки категории импортируемых
[COUNT]1 web link processed
1 веб-ссылки импортированы
Не забудьте модифицировать внутренние линки.
IMPORT COMPLETE
=== END import 2016-02-27 18:41:39 ===

